[2013-04-08 12:42:58] request.ERROR: Uncaught PHP Exception Symfony\Component\HttpKernel\Exception\NotFoundHttpException: "No route found for "GET /"" at /Users/Kevin/Workspaces/IDLAB/project/sfHello/vendor/symfony/symfony/src/Symfony/Component/HttpKernel/EventListener/RouterListener.php line 94 [] []
[2013-04-08 13:06:06] request.ERROR: Uncaught PHP Exception Symfony\Component\HttpKernel\Exception\NotFoundHttpException: "No route found for "GET /bundles/framework/css/body.css"" at /Users/Kevin/Workspaces/IDLAB/project/sfHello/app/cache/prod/classes.php line 3587 [] []
[2013-04-08 13:06:06] request.ERROR: Uncaught PHP Exception Symfony\Component\HttpKernel\Exception\NotFoundHttpException: "No route found for "GET /bundles/framework/images/logo_symfony.png"" at /Users/Kevin/Workspaces/IDLAB/project/sfHello/app/cache/prod/classes.php line 3587 [] []
[2013-04-08 13:06:06] request.ERROR: Uncaught PHP Exception Symfony\Component\HttpKernel\Exception\NotFoundHttpException: "No route found for "GET /bundles/framework/css/structure.css"" at /Users/Kevin/Workspaces/IDLAB/project/sfHello/app/cache/prod/classes.php line 3587 [] []
[2013-04-08 13:06:06] request.ERROR: Uncaught PHP Exception Symfony\Component\HttpKernel\Exception\NotFoundHttpException: "No route found for "GET /bundles/framework/images/grey_magnifier.png"" at /Users/Kevin/Workspaces/IDLAB/project/sfHello/app/cache/prod/classes.php line 3587 [] []
[2013-04-08 13:06:06] request.ERROR: Uncaught PHP Exception Symfony\Component\HttpKernel\Exception\NotFoundHttpException: "No route found for "GET /bundles/sensiodistribution/webconfigurator/css/install.css"" at /Users/Kevin/Workspaces/IDLAB/project/sfHello/app/cache/prod/classes.php line 3587 [] []
[2013-04-08 13:08:17] request.ERROR: Uncaught PHP Exception Symfony\Component\HttpKernel\Exception\NotFoundHttpException: "No route found for "GET /bundles/framework/images/grey_magnifier.png"" at /Users/Kevin/Workspaces/IDLAB/project/sfHello/app/cache/prod/classes.php line 3587 [] []
[2013-04-08 13:08:17] request.ERROR: Uncaught PHP Exception Symfony\Component\HttpKernel\Exception\NotFoundHttpException: "No route found for "GET /bundles/framework/css/structure.css"" at /Users/Kevin/Workspaces/IDLAB/project/sfHello/app/cache/prod/classes.php line 3587 [] []
[2013-04-08 13:08:17] request.ERROR: Uncaught PHP Exception Symfony\Component\HttpKernel\Exception\NotFoundHttpException: "No route found for "GET /bundles/sensiodistribution/webconfigurator/css/install.css"" at /Users/Kevin/Workspaces/IDLAB/project/sfHello/app/cache/prod/classes.php line 3587 [] []
[2013-04-08 13:08:17] request.ERROR: Uncaught PHP Exception Symfony\Component\HttpKernel\Exception\NotFoundHttpException: "No route found for "GET /bundles/framework/css/body.css"" at /Users/Kevin/Workspaces/IDLAB/project/sfHello/app/cache/prod/classes.php line 3587 [] []
[2013-04-08 13:08:17] request.ERROR: Uncaught PHP Exception Symfony\Component\HttpKernel\Exception\NotFoundHttpException: "No route found for "GET /bundles/framework/images/logo_symfony.png"" at /Users/Kevin/Workspaces/IDLAB/project/sfHello/app/cache/prod/classes.php line 3587 [] []
[2013-04-08 13:09:17] request.ERROR: Uncaught PHP Exception Symfony\Component\HttpKernel\Exception\NotFoundHttpException: "No route found for "GET /bundles/framework/css/structure.css"" at /Users/Kevin/Workspaces/IDLAB/project/sfHello/app/cache/prod/classes.php line 3587 [] []
[2013-04-08 13:09:17] request.ERROR: Uncaught PHP Exception Symfony\Component\HttpKernel\Exception\NotFoundHttpException: "No route found for "GET /bundles/framework/css/body.css"" at /Users/Kevin/Workspaces/IDLAB/project/sfHello/app/cache/prod/classes.php line 3587 [] []
[2013-04-08 13:09:17] request.ERROR: Uncaught PHP Exception Symfony\Component\HttpKernel\Exception\NotFoundHttpException: "No route found for "GET /bundles/sensiodistribution/webconfigurator/css/configurator.css"" at /Users/Kevin/Workspaces/IDLAB/project/sfHello/app/cache/prod/classes.php line 3587 [] []
[2013-04-08 13:10:06] request.ERROR: Uncaught PHP Exception Symfony\Component\HttpKernel\Exception\NotFoundHttpException: "No route found for "GET /bundles/framework/css/structure.css"" at /Users/Kevin/Workspaces/IDLAB/project/sfHello/app/cache/prod/classes.php line 3587 [] []
[2013-04-08 13:10:06] request.ERROR: Uncaught PHP Exception Symfony\Component\HttpKernel\Exception\NotFoundHttpException: "No route found for "GET /bundles/framework/css/body.css"" at /Users/Kevin/Workspaces/IDLAB/project/sfHello/app/cache/prod/classes.php line 3587 [] []
[2013-04-08 13:10:06] request.ERROR: Uncaught PHP Exception Symfony\Component\HttpKernel\Exception\NotFoundHttpException: "No route found for "GET /bundles/sensiodistribution/webconfigurator/css/configurator.css"" at /Users/Kevin/Workspaces/IDLAB/project/sfHello/app/cache/prod/classes.php line 3587 [] []
[2013-04-08 13:10:22] request.ERROR: Uncaught PHP Exception Symfony\Component\HttpKernel\Exception\NotFoundHttpException: "No route found for "GET /bundles/framework/css/body.css"" at /Users/Kevin/Workspaces/IDLAB/project/sfHello/app/cache/prod/classes.php line 3587 [] []
[2013-04-08 13:10:22] request.ERROR: Uncaught PHP Exception Symfony\Component\HttpKernel\Exception\NotFoundHttpException: "No route found for "GET /bundles/sensiodistribution/webconfigurator/css/configurator.css"" at /Users/Kevin/Workspaces/IDLAB/project/sfHello/app/cache/prod/classes.php line 3587 [] []
[2013-04-08 13:10:22] request.ERROR: Uncaught PHP Exception Symfony\Component\HttpKernel\Exception\NotFoundHttpException: "No route found for "GET /bundles/framework/css/structure.css"" at /Users/Kevin/Workspaces/IDLAB/project/sfHello/app/cache/prod/classes.php line 3587 [] []
[2013-04-08 13:10:28] request.ERROR: Uncaught PHP Exception Symfony\Component\HttpKernel\Exception\NotFoundHttpException: "No route found for "GET /bundles/sensiodistribution/webconfigurator/css/configurator.css"" at /Users/Kevin/Workspaces/IDLAB/project/sfHello/app/cache/prod/classes.php line 3587 [] []
[2013-04-08 13:10:28] request.ERROR: Uncaught PHP Exception Symfony\Component\HttpKernel\Exception\NotFoundHttpException: "No route found for "GET /bundles/framework/css/body.css"" at /Users/Kevin/Workspaces/IDLAB/project/sfHello/app/cache/prod/classes.php line 3587 [] []
[2013-04-08 13:10:28] request.ERROR: Uncaught PHP Exception Symfony\Component\HttpKernel\Exception\NotFoundHttpException: "No route found for "GET /bundles/framework/css/structure.css"" at /Users/Kevin/Workspaces/IDLAB/project/sfHello/app/cache/prod/classes.php line 3587 [] []
[2013-04-08 13:43:28] request.ERROR: Uncaught PHP Exception Symfony\Component\HttpKernel\Exception\NotFoundHttpException: "No route found for "GET /bundles/framework/css/exception.css"" at /Users/Kevin/Workspaces/IDLAB/project/sfHello/app/cache/prod/classes.php line 3587 [] []
[2013-04-08 13:43:28] request.ERROR: Uncaught PHP Exception Symfony\Component\HttpKernel\Exception\NotFoundHttpException: "No route found for "GET /bundles/framework/css/body.css"" at /Users/Kevin/Workspaces/IDLAB/project/sfHello/app/cache/prod/classes.php line 3587 [] []
[2013-04-08 13:43:28] request.ERROR: Uncaught PHP Exception Symfony\Component\HttpKernel\Exception\NotFoundHttpException: "No route found for "GET /bundles/framework/css/structure.css"" at /Users/Kevin/Workspaces/IDLAB/project/sfHello/app/cache/prod/classes.php line 3587 [] []
[2013-04-08 13:43:52] request.ERROR: Uncaught PHP Exception Symfony\Component\HttpKernel\Exception\NotFoundHttpException: "No route found for "GET /bundles/framework/css/structure.css"" at /Users/Kevin/Workspaces/IDLAB/project/sfHello/app/cache/prod/classes.php line 3587 [] []
[2013-04-08 13:43:52] request.ERROR: Uncaught PHP Exception Symfony\Component\HttpKernel\Exception\NotFoundHttpException: "No route found for "GET /bundles/framework/css/body.css"" at /Users/Kevin/Workspaces/IDLAB/project/sfHello/app/cache/prod/classes.php line 3587 [] []
[2013-04-08 13:43:52] request.ERROR: Uncaught PHP Exception Symfony\Component\HttpKernel\Exception\NotFoundHttpException: "No route found for "GET /bundles/framework/css/exception.css"" at /Users/Kevin/Workspaces/IDLAB/project/sfHello/app/cache/prod/classes.php line 3587 [] []
[2013-04-08 13:44:11] request.ERROR: Uncaught PHP Exception Symfony\Component\HttpKernel\Exception\NotFoundHttpException: "No route found for "GET /bundles/framework/css/exception.css"" at /Users/Kevin/Workspaces/IDLAB/project/sfHello/app/cache/prod/classes.php line 3587 [] []
[2013-04-08 13:44:11] request.ERROR: Uncaught PHP Exception Symfony\Component\HttpKernel\Exception\NotFoundHttpException: "No route found for "GET /bundles/framework/css/structure.css"" at /Users/Kevin/Workspaces/IDLAB/project/sfHello/app/cache/prod/classes.php line 3587 [] []
[2013-04-08 13:44:11] request.ERROR: Uncaught PHP Exception Symfony\Component\HttpKernel\Exception\NotFoundHttpException: "No route found for "GET /bundles/framework/css/body.css"" at /Users/Kevin/Workspaces/IDLAB/project/sfHello/app/cache/prod/classes.php line 3587 [] []
[2013-04-08 13:45:48] request.ERROR: Uncaught PHP Exception Symfony\Component\HttpKernel\Exception\NotFoundHttpException: "No route found for "GET /bundles/framework/css/structure.css"" at /Users/Kevin/Workspaces/IDLAB/project/sfHello/app/cache/prod/classes.php line 3587 [] []
[2013-04-08 13:45:48] request.ERROR: Uncaught PHP Exception Symfony\Component\HttpKernel\Exception\NotFoundHttpException: "No route found for "GET /bundles/framework/css/exception.css"" at /Users/Kevin/Workspaces/IDLAB/project/sfHello/app/cache/prod/classes.php line 3587 [] []
[2013-04-08 13:45:48] request.ERROR: Uncaught PHP Exception Symfony\Component\HttpKernel\Exception\NotFoundHttpException: "No route found for "GET /bundles/framework/css/body.css"" at /Users/Kevin/Workspaces/IDLAB/project/sfHello/app/cache/prod/classes.php line 3587 [] []
[2013-04-08 14:17:33] request.ERROR: Uncaught PHP Exception Symfony\Component\HttpKernel\Exception\NotFoundHttpException: "No route found for "GET /bundles/framework/css/exception.css"" at /Users/Kevin/Workspaces/IDLAB/project/sfHello/app/cache/prod/classes.php line 3587 [] []
[2013-04-08 14:17:33] request.ERROR: Uncaught PHP Exception Symfony\Component\HttpKernel\Exception\NotFoundHttpException: "No route found for "GET /bundles/framework/css/body.css"" at /Users/Kevin/Workspaces/IDLAB/project/sfHello/app/cache/prod/classes.php line 3587 [] []
[2013-04-08 14:17:33] request.ERROR: Uncaught PHP Exception Symfony\Component\HttpKernel\Exception\NotFoundHttpException: "No route found for "GET /bundles/framework/css/structure.css"" at /Users/Kevin/Workspaces/IDLAB/project/sfHello/app/cache/prod/classes.php line 3587 [] []
[2013-04-08 14:17:52] request.ERROR: Uncaught PHP Exception Symfony\Component\HttpKernel\Exception\NotFoundHttpException: "No route found for "GET /bundles/framework/css/exception.css"" at /Users/Kevin/Workspaces/IDLAB/project/sfHello/app/cache/prod/classes.php line 3587 [] []
[2013-04-08 14:17:55] request.ERROR: Uncaught PHP Exception Symfony\Component\HttpKernel\Exception\NotFoundHttpException: "No route found for "GET /bundles/framework/css/body.css"" at /Users/Kevin/Workspaces/IDLAB/project/sfHello/app/cache/prod/classes.php line 3587 [] []
[2013-04-08 14:17:55] request.ERROR: Uncaught PHP Exception Symfony\Component\HttpKernel\Exception\NotFoundHttpException: "No route found for "GET /bundles/framework/css/structure.css"" at /Users/Kevin/Workspaces/IDLAB/project/sfHello/app/cache/prod/classes.php line 3587 [] []
[2013-04-08 14:18:46] request.ERROR: Uncaught PHP Exception Symfony\Component\HttpKernel\Exception\NotFoundHttpException: "No route found for "GET /bundles/framework/css/structure.css"" at /Users/Kevin/Workspaces/IDLAB/project/sfHello/app/cache/prod/classes.php line 3587 [] []
[2013-04-08 14:18:46] request.ERROR: Uncaught PHP Exception Symfony\Component\HttpKernel\Exception\NotFoundHttpException: "No route found for "GET /bundles/framework/css/body.css"" at /Users/Kevin/Workspaces/IDLAB/project/sfHello/app/cache/prod/classes.php line 3587 [] []
[2013-04-08 14:18:50] request.ERROR: Uncaught PHP Exception Symfony\Component\HttpKernel\Exception\NotFoundHttpException: "No route found for "GET /bundles/framework/css/exception.css"" at /Users/Kevin/Workspaces/IDLAB/project/sfHello/app/cache/prod/classes.php line 3587 [] []
